Build started 2016/9/16 20:32:24.
     1>Project "D:\mySoure\VSProjects\test\MyJson\MyJson\MyJson.vcxproj" on node 2 (Build target(s)).
     1>ClCompile:
         C:\Program Files (x86)\Microsoft Visual Studio 12.0\VC\bin\CL.exe /c /ZI /W3 /WX- /sdl /Od /Oy- /D WIN32 /D _DEBUG /D _CONSOLE /D _LIB /D _UNICODE /D UNICODE /Gm /EHsc /RTC1 /MDd /GS /fp:precise /Zc:wchar_t /Zc:forScope /Fo"Debug\\" /Fd"Debug\vc120.pdb" /Gd /TP /analyze- /errorReport:prompt main.cpp
         Microsoft (R) C/C++ Optimizing Compiler Version 18.00.31101 for x86
         Copyright (C) Microsoft Corporation.  All rights reserved.
         
         cl /c /ZI /W3 /WX- /sdl /Od /Oy- /D WIN32 /D _DEBUG /D _CONSOLE /D _LIB /D _UNICODE /D UNICODE /Gm /EHsc /RTC1 /MDd /GS /fp:precise /Zc:wchar_t /Zc:forScope /Fo"Debug\\" /Fd"Debug\vc120.pdb" /Gd /TP /analyze- /errorReport:prompt main.cpp
         
         main.cpp
     1>d:\mysoure\vsprojects\test\myjson\myjson\json.hpp(302): warning C4018: '>=' : signed/unsigned mismatch
     1>d:\mysoure\vsprojects\test\myjson\myjson\json.hpp(190): warning C4800: 'long' : forcing value to bool 'true' or 'false' (performance warning)
                 d:\mysoure\vsprojects\test\myjson\myjson\json.hpp(792) : see reference to function template instantiation 'bool conf::json::Json::getValue<bool>(void)' being compiled
     1>d:\mysoure\vsprojects\test\myjson\myjson\json.hpp(194): warning C4800: 'double' : forcing value to bool 'true' or 'false' (performance warning)
     1>d:\mysoure\vsprojects\test\myjson\myjson\json.hpp(234): warning C4244: 'return' : conversion from 'double' to 'float', possible loss of data
                 d:\mysoure\vsprojects\test\myjson\myjson\main.cpp(27) : see reference to function template instantiation 'float conf::json::Json::getValue<float>(void)' being compiled
       Link:
         C:\Program Files (x86)\Microsoft Visual Studio 12.0\VC\bin\link.exe /ERRORREPORT:PROMPT /OUT:"D:\mySoure\VSProjects\test\MyJson\Debug\MyJson.exe" /INCREMENTAL kernel32.lib user32.lib gdi32.lib winspool.lib comdlg32.lib advapi32.lib shell32.lib ole32.lib oleaut32.lib uuid.lib odbc32.lib odbccp32.lib /MANIFEST /MANIFESTUAC:"level='asInvoker' uiAccess='false'" /manifest:embed /DEBUG /PDB:"D:\mySoure\VSProjects\test\MyJson\Debug\MyJson.pdb" /SUBSYSTEM:CONSOLE /TLBID:1 /DYNAMICBASE /NXCOMPAT /IMPLIB:"D:\mySoure\VSProjects\test\MyJson\Debug\MyJson.lib" /MACHINE:X86 Debug\main.obj
         Microsoft (R) Incremental Linker Version 12.00.31101.0
         Copyright (C) Microsoft Corporation.  All rights reserved.
         
         "/OUT:D:\mySoure\VSProjects\test\MyJson\Debug\MyJson.exe" /INCREMENTAL kernel32.lib user32.lib gdi32.lib winspool.lib comdlg32.lib advapi32.lib shell32.lib ole32.lib oleaut32.lib uuid.lib odbc32.lib odbccp32.lib /MANIFEST "/MANIFESTUAC:level='asInvoker' uiAccess='false'" /manifest:embed /DEBUG "/PDB:D:\mySoure\VSProjects\test\MyJson\Debug\MyJson.pdb" /SUBSYSTEM:CONSOLE /TLBID:1 /DYNAMICBASE /NXCOMPAT "/IMPLIB:D:\mySoure\VSProjects\test\MyJson\Debug\MyJson.lib" /MACHINE:X86 Debug\main.obj 
         MyJson.vcxproj -> D:\mySoure\VSProjects\test\MyJson\Debug\MyJson.exe
     1>Done Building Project "D:\mySoure\VSProjects\test\MyJson\MyJson\MyJson.vcxproj" (Build target(s)).

Build succeeded.

Time Elapsed 00:00:01.23
